<?xml version="1.0" encoding="UTF-8"?>
<!-- Generated by org.testng.reporters.JUnitXMLReporter -->
<testsuite hostname="DESKTOP-FO8G76I" ignored="0" name="TestNG1" tests="6" failures="0" timestamp="23 六月 2020 06:52:13 GMT" time="12.909" errors="0">
  <testcase name="fabulous" time="6.267" classname="test.controller.TestCCapp"/>
  <testcase name="favoriteVideos" time="0.878" classname="test.controller.TestCCapp"/>
  <testcase name="fullplay" time="1.63" classname="test.controller.TestCCapp"/>
  <testcase name="share" time="0.59" classname="test.controller.TestCCapp"/>
  <testcase name="videoPlayback" time="1.349" classname="test.controller.TestCCapp"/>
  <testcase name="videoUpload" time="2.173" classname="test.controller.TestCCapp"/>
</testsuite> <!-- TestNG1 -->
