<?xml version="1.0" encoding="UTF-8"?>
<testng-results skipped="0" failed="0" ignored="0" total="6" passed="6">
  <reporter-output>
    <line>
      <![CDATA[06-18 17:36:userId]]>
    </line>
    <line>
      <![CDATA[06-18 17:36:115364]]>
    </line>
    <line>
      <![CDATA[06-18 17:36:token]]>
    </line>
    <line>
      <![CDATA[06-18 17:36:NGZlMTJhMmEtYzI1ZS00ZWQxLTg3NDQtNWRlZGE0ODQzYzVk]]>
    </line>
    <line>
      <![CDATA[06-18 17:36:request数据]]>
    </line>
    <line>
      <![CDATA[06-18 17:36:Request{method=POST, url=https://cpv.ccdev.lerjin.com/behavior/event, tag=null}]]>
    </line>
    <line>
      <![CDATA[06-18 17:36:response数据]]>
    </line>
    <line>
      <![CDATA[06-18 17:36:{code:10002,lang:CN,message:Incorrect parameters,debug:Can't repeat favorite,name:PARAMETER_ERROR}]]>
    </line>
    <line>
      <![CDATA[06-18 17:36:userId]]>
    </line>
    <line>
      <![CDATA[06-18 17:36:115364]]>
    </line>
    <line>
      <![CDATA[06-18 17:36:token]]>
    </line>
    <line>
      <![CDATA[06-18 17:36:NGZlMTJhMmEtYzI1ZS00ZWQxLTg3NDQtNWRlZGE0ODQzYzVk]]>
    </line>
    <line>
      <![CDATA[06-18 17:36:request数据]]>
    </line>
    <line>
      <![CDATA[06-18 17:36:Request{method=POST, url=https://cpv.ccdev.lerjin.com/behavior/event, tag=null}]]>
    </line>
    <line>
      <![CDATA[06-18 17:36:response数据]]>
    </line>
    <line>
      <![CDATA[06-18 17:36:true]]>
    </line>
    <line>
      <![CDATA[06-18 17:36:userId]]>
    </line>
    <line>
      <![CDATA[06-18 17:36:115364]]>
    </line>
    <line>
      <![CDATA[06-18 17:36:token]]>
    </line>
    <line>
      <![CDATA[06-18 17:36:NGZlMTJhMmEtYzI1ZS00ZWQxLTg3NDQtNWRlZGE0ODQzYzVk]]>
    </line>
    <line>
      <![CDATA[06-18 17:36:request数据]]>
    </line>
    <line>
      <![CDATA[06-18 17:36:Request{method=POST, url=https://cpv.ccdev.lerjin.com/behavior/event, tag=null}]]>
    </line>
    <line>
      <![CDATA[06-18 17:36:response数据]]>
    </line>
    <line>
      <![CDATA[06-18 17:36:true]]>
    </line>
    <line>
      <![CDATA[06-18 17:36:userId]]>
    </line>
    <line>
      <![CDATA[06-18 17:36:115364]]>
    </line>
    <line>
      <![CDATA[06-18 17:36:token]]>
    </line>
    <line>
      <![CDATA[06-18 17:36:NGZlMTJhMmEtYzI1ZS00ZWQxLTg3NDQtNWRlZGE0ODQzYzVk]]>
    </line>
    <line>
      <![CDATA[06-18 17:36:request数据]]>
    </line>
    <line>
      <![CDATA[06-18 17:36:Request{method=POST, url=https://cpv.ccdev.lerjin.com/behavior/event, tag=null}]]>
    </line>
    <line>
      <![CDATA[06-18 17:36:response数据]]>
    </line>
    <line>
      <![CDATA[06-18 17:36:true]]>
    </line>
    <line>
      <![CDATA[06-18 17:36:userId]]>
    </line>
    <line>
      <![CDATA[06-18 17:36:115364]]>
    </line>
    <line>
      <![CDATA[06-18 17:36:token]]>
    </line>
    <line>
      <![CDATA[06-18 17:36:NGZlMTJhMmEtYzI1ZS00ZWQxLTg3NDQtNWRlZGE0ODQzYzVk]]>
    </line>
    <line>
      <![CDATA[06-18 17:36:request数据]]>
    </line>
    <line>
      <![CDATA[06-18 17:36:Request{method=POST, url=https://cpv.ccdev.lerjin.com/behavior/event, tag=null}]]>
    </line>
    <line>
      <![CDATA[06-18 17:36:response数据]]>
    </line>
    <line>
      <![CDATA[06-18 17:36:true]]>
    </line>
    <line>
      <![CDATA[06-18 17:36:userId]]>
    </line>
    <line>
      <![CDATA[06-18 17:36:115364]]>
    </line>
    <line>
      <![CDATA[06-18 17:36:token]]>
    </line>
    <line>
      <![CDATA[06-18 17:36:NGZlMTJhMmEtYzI1ZS00ZWQxLTg3NDQtNWRlZGE0ODQzYzVk]]>
    </line>
    <line>
      <![CDATA[06-18 17:36:request数据]]>
    </line>
    <line>
      <![CDATA[06-18 17:36:Request{method=POST, url=https://ugc.ccdev.lerjin.com/video/upload, tag=null}]]>
    </line>
    <line>
      <![CDATA[06-18 17:36:response数据]]>
    </line>
    <line>
      <![CDATA[06-18 17:36:{id:8a83869872c6bb820172c6c9139c0001,userOpenId:115364,videoTitle:视频上传测试06181736,videoDescribe:ldaskdlaskjldkjksald,videoRemoteStorageUrl:null,imgPreviewRemoteStorageUrl:null,downloadVideoUrl:null,duration:null,bitRate:null,width:null,height:null,size:null,countryCode2:CN,area:CN,status:0,funny:0,notFunny:0,auditOpinion:null,isPushFeeds:null,createTime:2020-06-18 09:36:06,authorMobile:17323226097,authorClapCode:4454207817,authorEmail:null,authorName:wangqi2,authorType:3,authorAvatar:avatar/20200323/c905a779b4dd5e77.jpg,authorCallingCode:86,clapNum:0,favoriteNum:0,shareNum:0,commentsNum:0,viewNum:0,fullViewNum:0,deleted:0,coinValue:0,isMaxCoins:false,clapMoment:null}]]>
    </line>
  </reporter-output>
  <suite name="Suite" duration-ms="6947" started-at="2020-06-18T09:36:00Z" finished-at="2020-06-18T09:36:07Z">
    <groups>
    </groups>
    <test name="TestNG1" duration-ms="6947" started-at="2020-06-18T09:36:00Z" finished-at="2020-06-18T09:36:07Z">
      <class name="test.controller.TestCCapp">
        <test-method status="PASS" signature="fabulous()[pri:0, instance:test.controller.TestCCapp@673fdbce]" name="fabulous" duration-ms="2838" started-at="2020-06-18T09:36:00Z" description="视频点赞" finished-at="2020-06-18T09:36:03Z">
          <reporter-output>
            <line>
              <![CDATA[06-18 17:36:userId]]>
            </line>
            <line>
              <![CDATA[06-18 17:36:115364]]>
            </line>
            <line>
              <![CDATA[06-18 17:36:token]]>
            </line>
            <line>
              <![CDATA[06-18 17:36:NGZlMTJhMmEtYzI1ZS00ZWQxLTg3NDQtNWRlZGE0ODQzYzVk]]>
            </line>
            <line>
              <![CDATA[06-18 17:36:request数据]]>
            </line>
            <line>
              <![CDATA[06-18 17:36:Request{method=POST, url=https://cpv.ccdev.lerjin.com/behavior/event, tag=null}]]>
            </line>
            <line>
              <![CDATA[06-18 17:36:response数据]]>
            </line>
            <line>
              <![CDATA[06-18 17:36:{code:10002,lang:CN,message:Incorrect parameters,debug:Can't repeat favorite,name:PARAMETER_ERROR}]]>
            </line>
          </reporter-output>
        </test-method> <!-- fabulous -->
        <test-method status="PASS" signature="favoriteVideos()[pri:0, instance:test.controller.TestCCapp@673fdbce]" name="favoriteVideos" duration-ms="561" started-at="2020-06-18T09:36:03Z" description="视频收藏" finished-at="2020-06-18T09:36:03Z">
          <reporter-output>
            <line>
              <![CDATA[06-18 17:36:userId]]>
            </line>
            <line>
              <![CDATA[06-18 17:36:115364]]>
            </line>
            <line>
              <![CDATA[06-18 17:36:token]]>
            </line>
            <line>
              <![CDATA[06-18 17:36:NGZlMTJhMmEtYzI1ZS00ZWQxLTg3NDQtNWRlZGE0ODQzYzVk]]>
            </line>
            <line>
              <![CDATA[06-18 17:36:request数据]]>
            </line>
            <line>
              <![CDATA[06-18 17:36:Request{method=POST, url=https://cpv.ccdev.lerjin.com/behavior/event, tag=null}]]>
            </line>
            <line>
              <![CDATA[06-18 17:36:response数据]]>
            </line>
            <line>
              <![CDATA[06-18 17:36:true]]>
            </line>
          </reporter-output>
        </test-method> <!-- favoriteVideos -->
        <test-method status="PASS" signature="fullplay()[pri:0, instance:test.controller.TestCCapp@673fdbce]" name="fullplay" duration-ms="569" started-at="2020-06-18T09:36:03Z" description="视频完播" finished-at="2020-06-18T09:36:04Z">
          <reporter-output>
            <line>
              <![CDATA[06-18 17:36:userId]]>
            </line>
            <line>
              <![CDATA[06-18 17:36:115364]]>
            </line>
            <line>
              <![CDATA[06-18 17:36:token]]>
            </line>
            <line>
              <![CDATA[06-18 17:36:NGZlMTJhMmEtYzI1ZS00ZWQxLTg3NDQtNWRlZGE0ODQzYzVk]]>
            </line>
            <line>
              <![CDATA[06-18 17:36:request数据]]>
            </line>
            <line>
              <![CDATA[06-18 17:36:Request{method=POST, url=https://cpv.ccdev.lerjin.com/behavior/event, tag=null}]]>
            </line>
            <line>
              <![CDATA[06-18 17:36:response数据]]>
            </line>
            <line>
              <![CDATA[06-18 17:36:true]]>
            </line>
          </reporter-output>
        </test-method> <!-- fullplay -->
        <test-method status="PASS" signature="share()[pri:0, instance:test.controller.TestCCapp@673fdbce]" name="share" duration-ms="686" started-at="2020-06-18T09:36:04Z" description="视频分享" finished-at="2020-06-18T09:36:05Z">
          <reporter-output>
            <line>
              <![CDATA[06-18 17:36:userId]]>
            </line>
            <line>
              <![CDATA[06-18 17:36:115364]]>
            </line>
            <line>
              <![CDATA[06-18 17:36:token]]>
            </line>
            <line>
              <![CDATA[06-18 17:36:NGZlMTJhMmEtYzI1ZS00ZWQxLTg3NDQtNWRlZGE0ODQzYzVk]]>
            </line>
            <line>
              <![CDATA[06-18 17:36:request数据]]>
            </line>
            <line>
              <![CDATA[06-18 17:36:Request{method=POST, url=https://cpv.ccdev.lerjin.com/behavior/event, tag=null}]]>
            </line>
            <line>
              <![CDATA[06-18 17:36:response数据]]>
            </line>
            <line>
              <![CDATA[06-18 17:36:true]]>
            </line>
          </reporter-output>
        </test-method> <!-- share -->
        <test-method status="PASS" signature="videoPlayback()[pri:0, instance:test.controller.TestCCapp@673fdbce]" name="videoPlayback" duration-ms="738" started-at="2020-06-18T09:36:05Z" description="视频播放" finished-at="2020-06-18T09:36:05Z">
          <reporter-output>
            <line>
              <![CDATA[06-18 17:36:userId]]>
            </line>
            <line>
              <![CDATA[06-18 17:36:115364]]>
            </line>
            <line>
              <![CDATA[06-18 17:36:token]]>
            </line>
            <line>
              <![CDATA[06-18 17:36:NGZlMTJhMmEtYzI1ZS00ZWQxLTg3NDQtNWRlZGE0ODQzYzVk]]>
            </line>
            <line>
              <![CDATA[06-18 17:36:request数据]]>
            </line>
            <line>
              <![CDATA[06-18 17:36:Request{method=POST, url=https://cpv.ccdev.lerjin.com/behavior/event, tag=null}]]>
            </line>
            <line>
              <![CDATA[06-18 17:36:response数据]]>
            </line>
            <line>
              <![CDATA[06-18 17:36:true]]>
            </line>
          </reporter-output>
        </test-method> <!-- videoPlayback -->
        <test-method status="PASS" signature="videoUpload()[pri:0, instance:test.controller.TestCCapp@673fdbce]" name="videoUpload" duration-ms="1439" started-at="2020-06-18T09:36:05Z" description="上传视频" finished-at="2020-06-18T09:36:07Z">
          <reporter-output>
            <line>
              <![CDATA[06-18 17:36:userId]]>
            </line>
            <line>
              <![CDATA[06-18 17:36:115364]]>
            </line>
            <line>
              <![CDATA[06-18 17:36:token]]>
            </line>
            <line>
              <![CDATA[06-18 17:36:NGZlMTJhMmEtYzI1ZS00ZWQxLTg3NDQtNWRlZGE0ODQzYzVk]]>
            </line>
            <line>
              <![CDATA[06-18 17:36:request数据]]>
            </line>
            <line>
              <![CDATA[06-18 17:36:Request{method=POST, url=https://ugc.ccdev.lerjin.com/video/upload, tag=null}]]>
            </line>
            <line>
              <![CDATA[06-18 17:36:response数据]]>
            </line>
            <line>
              <![CDATA[06-18 17:36:{id:8a83869872c6bb820172c6c9139c0001,userOpenId:115364,videoTitle:视频上传测试06181736,videoDescribe:ldaskdlaskjldkjksald,videoRemoteStorageUrl:null,imgPreviewRemoteStorageUrl:null,downloadVideoUrl:null,duration:null,bitRate:null,width:null,height:null,size:null,countryCode2:CN,area:CN,status:0,funny:0,notFunny:0,auditOpinion:null,isPushFeeds:null,createTime:2020-06-18 09:36:06,authorMobile:17323226097,authorClapCode:4454207817,authorEmail:null,authorName:wangqi2,authorType:3,authorAvatar:avatar/20200323/c905a779b4dd5e77.jpg,authorCallingCode:86,clapNum:0,favoriteNum:0,shareNum:0,commentsNum:0,viewNum:0,fullViewNum:0,deleted:0,coinValue:0,isMaxCoins:false,clapMoment:null}]]>
            </line>
          </reporter-output>
        </test-method> <!-- videoUpload -->
      </class> <!-- test.controller.TestCCapp -->
    </test> <!-- TestNG1 -->
  </suite> <!-- Suite -->
</testng-results>
