<?xml version="1.0" encoding="UTF-8"?>
<testng-results skipped="0" failed="1" ignored="0" total="8" passed="7">
  <reporter-output>
  </reporter-output>
  <suite name="Suite" duration-ms="4357" started-at="2020-04-13T08:32:04Z" finished-at="2020-04-13T08:32:08Z">
    <groups>
    </groups>
    <test name="TestNG1" duration-ms="4357" started-at="2020-04-13T08:32:04Z" finished-at="2020-04-13T08:32:08Z">
      <class name="test.controller.TestOwner">
        <test-method status="PASS" signature="leaderboardList()[pri:0, instance:test.controller.TestOwner@175b9425]" name="leaderboardList" duration-ms="2185" started-at="2020-04-13T08:32:04Z" description="排行榜列表" finished-at="2020-04-13T08:32:06Z">
          <reporter-output>
          </reporter-output>
        </test-method> <!-- leaderboardList -->
        <test-method status="PASS" signature="queryCurrentSeason()[pri:0, instance:test.controller.TestOwner@175b9425]" name="queryCurrentSeason" duration-ms="359" started-at="2020-04-13T08:32:06Z" description="查询当前赛季" finished-at="2020-04-13T08:32:07Z">
          <reporter-output>
          </reporter-output>
        </test-method> <!-- queryCurrentSeason -->
        <test-method status="PASS" signature="queryMyRanking()[pri:0, instance:test.controller.TestOwner@175b9425]" name="queryMyRanking" duration-ms="320" started-at="2020-04-13T08:32:07Z" description="查询我的排行" finished-at="2020-04-13T08:32:07Z">
          <reporter-output>
          </reporter-output>
        </test-method> <!-- queryMyRanking -->
        <test-method status="PASS" signature="querySeasonNumber()[pri:0, instance:test.controller.TestOwner@175b9425]" name="querySeasonNumber" duration-ms="377" started-at="2020-04-13T08:32:07Z" description="查询赛季人数" finished-at="2020-04-13T08:32:07Z">
          <reporter-output>
          </reporter-output>
        </test-method> <!-- querySeasonNumber -->
        <test-method status="PASS" signature="querySeasonSettlementRewards()[pri:0, instance:test.controller.TestOwner@175b9425]" name="querySeasonSettlementRewards" duration-ms="370" started-at="2020-04-13T08:32:07Z" description="查询赛季结算奖励" finished-at="2020-04-13T08:32:08Z">
          <reporter-output>
          </reporter-output>
        </test-method> <!-- querySeasonSettlementRewards -->
        <test-method status="PASS" signature="receiveSeasonSettlementAward()[pri:0, instance:test.controller.TestOwner@175b9425]" name="receiveSeasonSettlementAward" duration-ms="1" started-at="2020-04-13T08:32:08Z" description="领取赛季结算奖励" finished-at="2020-04-13T08:32:08Z">
          <reporter-output>
          </reporter-output>
        </test-method> <!-- receiveSeasonSettlementAward -->
        <test-method status="PASS" signature="receiveUpgradeAward()[pri:0, instance:test.controller.TestOwner@175b9425]" name="receiveUpgradeAward" duration-ms="336" started-at="2020-04-13T08:32:08Z" description="领取升级奖励" finished-at="2020-04-13T08:32:08Z">
          <reporter-output>
          </reporter-output>
        </test-method> <!-- receiveUpgradeAward -->
        <test-method status="FAIL" signature="userInformation()[pri:0, instance:test.controller.TestOwner@175b9425]" name="userInformation" duration-ms="347" started-at="2020-04-13T08:32:08Z" description="用户信息" finished-at="2020-04-13T08:32:08Z">
          <exception class="java.lang.NullPointerException">
            <full-stacktrace>
              <![CDATA[java.lang.NullPointerException
at test.service.UserInformation.userInformation(UserInformation.java:39)
at test.controller.TestOwner.userInformation(TestOwner.java:15)
at sun.reflect.NativeMethodAccessorImpl.invoke0(Native Method)
at sun.reflect.NativeMethodAccessorImpl.invoke(NativeMethodAccessorImpl.java:62)
at sun.reflect.DelegatingMethodAccessorImpl.invoke(DelegatingMethodAccessorImpl.java:43)
at java.lang.reflect.Method.invoke(Method.java:498)
at org.testng.internal.MethodInvocationHelper.invokeMethod(MethodInvocationHelper.java:124)
at org.testng.internal.Invoker.invokeMethod(Invoker.java:583)
at org.testng.internal.Invoker.invokeTestMethod(Invoker.java:719)
at org.testng.internal.Invoker.invokeTestMethods(Invoker.java:989)
at org.testng.internal.TestMethodWorker.invokeTestMethods(TestMethodWorker.java:125)
at org.testng.internal.TestMethodWorker.run(TestMethodWorker.java:109)
at org.testng.TestRunner.privateRun(TestRunner.java:648)
at org.testng.TestRunner.run(TestRunner.java:505)
at org.testng.SuiteRunner.runTest(SuiteRunner.java:455)
at org.testng.SuiteRunner.runSequentially(SuiteRunner.java:450)
at org.testng.SuiteRunner.privateRun(SuiteRunner.java:415)
at org.testng.SuiteRunner.run(SuiteRunner.java:364)
at org.testng.SuiteRunnerWorker.runSuite(SuiteRunnerWorker.java:52)
at org.testng.SuiteRunnerWorker.run(SuiteRunnerWorker.java:84)
at org.testng.TestNG.runSuitesSequentially(TestNG.java:1208)
at org.testng.TestNG.runSuitesLocally(TestNG.java:1137)
at org.testng.TestNG.runSuites(TestNG.java:1049)
at org.testng.TestNG.run(TestNG.java:1017)
at test.TestngRun.main(TestngRun.java:16)
]]>
            </full-stacktrace>
          </exception> <!-- java.lang.NullPointerException -->
          <reporter-output>
          </reporter-output>
        </test-method> <!-- userInformation -->
      </class> <!-- test.controller.TestOwner -->
    </test> <!-- TestNG1 -->
  </suite> <!-- Suite -->
</testng-results>
