<?xml version="1.0" encoding="UTF-8"?>
<testng-results skipped="0" failed="0" ignored="0" total="6" passed="6">
  <reporter-output>
    <line>
      <![CDATA[06-23 14:52:userId]]>
    </line>
    <line>
      <![CDATA[06-23 14:52:115364]]>
    </line>
    <line>
      <![CDATA[06-23 14:52:token]]>
    </line>
    <line>
      <![CDATA[06-23 14:52:MmI5Y2M0ODctMjM4Ny00ZjQ4LTkwMWYtMTQ1OTM5ZWY3YzNh]]>
    </line>
    <line>
      <![CDATA[06-23 14:52:VideoId]]>
    </line>
    <line>
      <![CDATA[06-23 14:52:8a8386ce72dfe7f40172dfef292a0000]]>
    </line>
    <line>
      <![CDATA[06-23 14:52:request数据]]>
    </line>
    <line>
      <![CDATA[06-23 14:52:Request{method=POST, url=https://cpv.ccdev.lerjin.com/behavior/event, tag=null}]]>
    </line>
    <line>
      <![CDATA[06-23 14:52:response数据]]>
    </line>
    <line>
      <![CDATA[06-23 14:52:true]]>
    </line>
    <line>
      <![CDATA[06-23 14:52:userId]]>
    </line>
    <line>
      <![CDATA[06-23 14:52:115364]]>
    </line>
    <line>
      <![CDATA[06-23 14:52:token]]>
    </line>
    <line>
      <![CDATA[06-23 14:52:MmI5Y2M0ODctMjM4Ny00ZjQ4LTkwMWYtMTQ1OTM5ZWY3YzNh]]>
    </line>
    <line>
      <![CDATA[06-23 14:52:VideoId]]>
    </line>
    <line>
      <![CDATA[06-23 14:52:8a8386ce72dfe7f40172dfef292a0000]]>
    </line>
    <line>
      <![CDATA[06-23 14:52:request数据]]>
    </line>
    <line>
      <![CDATA[06-23 14:52:Request{method=POST, url=https://cpv.ccdev.lerjin.com/behavior/event, tag=null}]]>
    </line>
    <line>
      <![CDATA[06-23 14:52:response数据]]>
    </line>
    <line>
      <![CDATA[06-23 14:52:true]]>
    </line>
    <line>
      <![CDATA[06-23 14:52:userId]]>
    </line>
    <line>
      <![CDATA[06-23 14:52:115364]]>
    </line>
    <line>
      <![CDATA[06-23 14:52:token]]>
    </line>
    <line>
      <![CDATA[06-23 14:52:MmI5Y2M0ODctMjM4Ny00ZjQ4LTkwMWYtMTQ1OTM5ZWY3YzNh]]>
    </line>
    <line>
      <![CDATA[06-23 14:52:VideoId]]>
    </line>
    <line>
      <![CDATA[06-23 14:52:8a8386ce72dfe7f40172dfef292a0000]]>
    </line>
    <line>
      <![CDATA[06-23 14:52:request数据]]>
    </line>
    <line>
      <![CDATA[06-23 14:52:Request{method=POST, url=https://cpv.ccdev.lerjin.com/behavior/event, tag=null}]]>
    </line>
    <line>
      <![CDATA[06-23 14:52:response数据]]>
    </line>
    <line>
      <![CDATA[06-23 14:52:true]]>
    </line>
    <line>
      <![CDATA[06-23 14:52:userId]]>
    </line>
    <line>
      <![CDATA[06-23 14:52:115364]]>
    </line>
    <line>
      <![CDATA[06-23 14:52:token]]>
    </line>
    <line>
      <![CDATA[06-23 14:52:MmI5Y2M0ODctMjM4Ny00ZjQ4LTkwMWYtMTQ1OTM5ZWY3YzNh]]>
    </line>
    <line>
      <![CDATA[06-23 14:52:VideoId]]>
    </line>
    <line>
      <![CDATA[06-23 14:52:8a8386ce72dfe7f40172dfef292a0000]]>
    </line>
    <line>
      <![CDATA[06-23 14:52:request数据]]>
    </line>
    <line>
      <![CDATA[06-23 14:52:Request{method=POST, url=https://cpv.ccdev.lerjin.com/behavior/event, tag=null}]]>
    </line>
    <line>
      <![CDATA[06-23 14:52:response数据]]>
    </line>
    <line>
      <![CDATA[06-23 14:52:true]]>
    </line>
    <line>
      <![CDATA[06-23 14:52:userId]]>
    </line>
    <line>
      <![CDATA[06-23 14:52:115364]]>
    </line>
    <line>
      <![CDATA[06-23 14:52:token]]>
    </line>
    <line>
      <![CDATA[06-23 14:52:MmI5Y2M0ODctMjM4Ny00ZjQ4LTkwMWYtMTQ1OTM5ZWY3YzNh]]>
    </line>
    <line>
      <![CDATA[06-23 14:52:VideoId]]>
    </line>
    <line>
      <![CDATA[06-23 14:52:8a8386ce72dfe7f40172dfef292a0000]]>
    </line>
    <line>
      <![CDATA[06-23 14:52:request数据]]>
    </line>
    <line>
      <![CDATA[06-23 14:52:Request{method=POST, url=https://cpv.ccdev.lerjin.com/behavior/event, tag=null}]]>
    </line>
    <line>
      <![CDATA[06-23 14:52:response数据]]>
    </line>
    <line>
      <![CDATA[06-23 14:52:true]]>
    </line>
    <line>
      <![CDATA[06-23 14:52:userId]]>
    </line>
    <line>
      <![CDATA[06-23 14:52:115364]]>
    </line>
    <line>
      <![CDATA[06-23 14:52:token]]>
    </line>
    <line>
      <![CDATA[06-23 14:52:MmI5Y2M0ODctMjM4Ny00ZjQ4LTkwMWYtMTQ1OTM5ZWY3YzNh]]>
    </line>
    <line>
      <![CDATA[06-23 14:52:request数据]]>
    </line>
    <line>
      <![CDATA[06-23 14:52:Request{method=POST, url=https://ugc.ccdev.lerjin.com/video/upload, tag=null}]]>
    </line>
    <line>
      <![CDATA[06-23 14:52:response数据]]>
    </line>
    <line>
      <![CDATA[06-23 14:52:{id:8a83869c72dff0340172dff2d1940000,userOpenId:115364,videoTitle:视频上传测试06231452,videoDescribe:ldaskdlaskjldkjksald,videoRemoteStorageUrl:null,imgPreviewRemoteStorageUrl:null,downloadVideoUrl:null,duration:null,bitRate:null,width:null,height:null,size:null,countryCode2:CN,area:CN,status:0,funny:0,notFunny:0,auditOpinion:null,isPushFeeds:null,createTime:2020-06-23 06:52:12,authorMobile:17323226097,authorClapCode:4454207817,authorEmail:null,authorName:wangqi2,authorType:3,authorAvatar:avatar/20200323/c905a779b4dd5e77.jpg,authorCallingCode:86,clapNum:0,favoriteNum:0,shareNum:0,commentsNum:0,viewNum:0,fullViewNum:0,deleted:0,coinValue:0,isMaxCoins:false,clapMoment:null}]]>
    </line>
  </reporter-output>
  <suite name="Suite" duration-ms="12909" started-at="2020-06-23T06:52:00Z" finished-at="2020-06-23T06:52:13Z">
    <groups>
    </groups>
    <test name="TestNG1" duration-ms="12909" started-at="2020-06-23T06:52:00Z" finished-at="2020-06-23T06:52:13Z">
      <class name="test.controller.TestCCapp">
        <test-method status="PASS" signature="fabulous()[pri:0, instance:test.controller.TestCCapp@46c94bd0]" name="fabulous" duration-ms="6267" started-at="2020-06-23T06:52:00Z" description="视频点赞" finished-at="2020-06-23T06:52:06Z">
          <reporter-output>
            <line>
              <![CDATA[06-23 14:52:userId]]>
            </line>
            <line>
              <![CDATA[06-23 14:52:115364]]>
            </line>
            <line>
              <![CDATA[06-23 14:52:token]]>
            </line>
            <line>
              <![CDATA[06-23 14:52:MmI5Y2M0ODctMjM4Ny00ZjQ4LTkwMWYtMTQ1OTM5ZWY3YzNh]]>
            </line>
            <line>
              <![CDATA[06-23 14:52:VideoId]]>
            </line>
            <line>
              <![CDATA[06-23 14:52:8a8386ce72dfe7f40172dfef292a0000]]>
            </line>
            <line>
              <![CDATA[06-23 14:52:request数据]]>
            </line>
            <line>
              <![CDATA[06-23 14:52:Request{method=POST, url=https://cpv.ccdev.lerjin.com/behavior/event, tag=null}]]>
            </line>
            <line>
              <![CDATA[06-23 14:52:response数据]]>
            </line>
            <line>
              <![CDATA[06-23 14:52:true]]>
            </line>
          </reporter-output>
        </test-method> <!-- fabulous -->
        <test-method status="PASS" signature="favoriteVideos()[pri:0, instance:test.controller.TestCCapp@46c94bd0]" name="favoriteVideos" duration-ms="878" started-at="2020-06-23T06:52:06Z" description="视频收藏" finished-at="2020-06-23T06:52:07Z">
          <reporter-output>
            <line>
              <![CDATA[06-23 14:52:userId]]>
            </line>
            <line>
              <![CDATA[06-23 14:52:115364]]>
            </line>
            <line>
              <![CDATA[06-23 14:52:token]]>
            </line>
            <line>
              <![CDATA[06-23 14:52:MmI5Y2M0ODctMjM4Ny00ZjQ4LTkwMWYtMTQ1OTM5ZWY3YzNh]]>
            </line>
            <line>
              <![CDATA[06-23 14:52:VideoId]]>
            </line>
            <line>
              <![CDATA[06-23 14:52:8a8386ce72dfe7f40172dfef292a0000]]>
            </line>
            <line>
              <![CDATA[06-23 14:52:request数据]]>
            </line>
            <line>
              <![CDATA[06-23 14:52:Request{method=POST, url=https://cpv.ccdev.lerjin.com/behavior/event, tag=null}]]>
            </line>
            <line>
              <![CDATA[06-23 14:52:response数据]]>
            </line>
            <line>
              <![CDATA[06-23 14:52:true]]>
            </line>
          </reporter-output>
        </test-method> <!-- favoriteVideos -->
        <test-method status="PASS" signature="fullplay()[pri:0, instance:test.controller.TestCCapp@46c94bd0]" name="fullplay" duration-ms="1630" started-at="2020-06-23T06:52:07Z" description="视频完播" finished-at="2020-06-23T06:52:08Z">
          <reporter-output>
            <line>
              <![CDATA[06-23 14:52:userId]]>
            </line>
            <line>
              <![CDATA[06-23 14:52:115364]]>
            </line>
            <line>
              <![CDATA[06-23 14:52:token]]>
            </line>
            <line>
              <![CDATA[06-23 14:52:MmI5Y2M0ODctMjM4Ny00ZjQ4LTkwMWYtMTQ1OTM5ZWY3YzNh]]>
            </line>
            <line>
              <![CDATA[06-23 14:52:VideoId]]>
            </line>
            <line>
              <![CDATA[06-23 14:52:8a8386ce72dfe7f40172dfef292a0000]]>
            </line>
            <line>
              <![CDATA[06-23 14:52:request数据]]>
            </line>
            <line>
              <![CDATA[06-23 14:52:Request{method=POST, url=https://cpv.ccdev.lerjin.com/behavior/event, tag=null}]]>
            </line>
            <line>
              <![CDATA[06-23 14:52:response数据]]>
            </line>
            <line>
              <![CDATA[06-23 14:52:true]]>
            </line>
          </reporter-output>
        </test-method> <!-- fullplay -->
        <test-method status="PASS" signature="share()[pri:0, instance:test.controller.TestCCapp@46c94bd0]" name="share" duration-ms="590" started-at="2020-06-23T06:52:08Z" description="视频分享" finished-at="2020-06-23T06:52:09Z">
          <reporter-output>
            <line>
              <![CDATA[06-23 14:52:userId]]>
            </line>
            <line>
              <![CDATA[06-23 14:52:115364]]>
            </line>
            <line>
              <![CDATA[06-23 14:52:token]]>
            </line>
            <line>
              <![CDATA[06-23 14:52:MmI5Y2M0ODctMjM4Ny00ZjQ4LTkwMWYtMTQ1OTM5ZWY3YzNh]]>
            </line>
            <line>
              <![CDATA[06-23 14:52:VideoId]]>
            </line>
            <line>
              <![CDATA[06-23 14:52:8a8386ce72dfe7f40172dfef292a0000]]>
            </line>
            <line>
              <![CDATA[06-23 14:52:request数据]]>
            </line>
            <line>
              <![CDATA[06-23 14:52:Request{method=POST, url=https://cpv.ccdev.lerjin.com/behavior/event, tag=null}]]>
            </line>
            <line>
              <![CDATA[06-23 14:52:response数据]]>
            </line>
            <line>
              <![CDATA[06-23 14:52:true]]>
            </line>
          </reporter-output>
        </test-method> <!-- share -->
        <test-method status="PASS" signature="videoPlayback()[pri:0, instance:test.controller.TestCCapp@46c94bd0]" name="videoPlayback" duration-ms="1349" started-at="2020-06-23T06:52:09Z" description="视频播放" finished-at="2020-06-23T06:52:10Z">
          <reporter-output>
            <line>
              <![CDATA[06-23 14:52:userId]]>
            </line>
            <line>
              <![CDATA[06-23 14:52:115364]]>
            </line>
            <line>
              <![CDATA[06-23 14:52:token]]>
            </line>
            <line>
              <![CDATA[06-23 14:52:MmI5Y2M0ODctMjM4Ny00ZjQ4LTkwMWYtMTQ1OTM5ZWY3YzNh]]>
            </line>
            <line>
              <![CDATA[06-23 14:52:VideoId]]>
            </line>
            <line>
              <![CDATA[06-23 14:52:8a8386ce72dfe7f40172dfef292a0000]]>
            </line>
            <line>
              <![CDATA[06-23 14:52:request数据]]>
            </line>
            <line>
              <![CDATA[06-23 14:52:Request{method=POST, url=https://cpv.ccdev.lerjin.com/behavior/event, tag=null}]]>
            </line>
            <line>
              <![CDATA[06-23 14:52:response数据]]>
            </line>
            <line>
              <![CDATA[06-23 14:52:true]]>
            </line>
          </reporter-output>
        </test-method> <!-- videoPlayback -->
        <test-method status="PASS" signature="videoUpload()[pri:0, instance:test.controller.TestCCapp@46c94bd0]" name="videoUpload" duration-ms="2173" started-at="2020-06-23T06:52:10Z" description="上传视频" finished-at="2020-06-23T06:52:13Z">
          <reporter-output>
            <line>
              <![CDATA[06-23 14:52:userId]]>
            </line>
            <line>
              <![CDATA[06-23 14:52:115364]]>
            </line>
            <line>
              <![CDATA[06-23 14:52:token]]>
            </line>
            <line>
              <![CDATA[06-23 14:52:MmI5Y2M0ODctMjM4Ny00ZjQ4LTkwMWYtMTQ1OTM5ZWY3YzNh]]>
            </line>
            <line>
              <![CDATA[06-23 14:52:request数据]]>
            </line>
            <line>
              <![CDATA[06-23 14:52:Request{method=POST, url=https://ugc.ccdev.lerjin.com/video/upload, tag=null}]]>
            </line>
            <line>
              <![CDATA[06-23 14:52:response数据]]>
            </line>
            <line>
              <![CDATA[06-23 14:52:{id:8a83869c72dff0340172dff2d1940000,userOpenId:115364,videoTitle:视频上传测试06231452,videoDescribe:ldaskdlaskjldkjksald,videoRemoteStorageUrl:null,imgPreviewRemoteStorageUrl:null,downloadVideoUrl:null,duration:null,bitRate:null,width:null,height:null,size:null,countryCode2:CN,area:CN,status:0,funny:0,notFunny:0,auditOpinion:null,isPushFeeds:null,createTime:2020-06-23 06:52:12,authorMobile:17323226097,authorClapCode:4454207817,authorEmail:null,authorName:wangqi2,authorType:3,authorAvatar:avatar/20200323/c905a779b4dd5e77.jpg,authorCallingCode:86,clapNum:0,favoriteNum:0,shareNum:0,commentsNum:0,viewNum:0,fullViewNum:0,deleted:0,coinValue:0,isMaxCoins:false,clapMoment:null}]]>
            </line>
          </reporter-output>
        </test-method> <!-- videoUpload -->
      </class> <!-- test.controller.TestCCapp -->
    </test> <!-- TestNG1 -->
  </suite> <!-- Suite -->
</testng-results>
