<?xml version="1.0" encoding="UTF-8"?>
<testng-results skipped="0" failed="0" ignored="0" total="8" passed="8">
  <reporter-output>
  </reporter-output>
  <suite name="Suite" duration-ms="2246" started-at="2020-04-23T14:55:50Z" finished-at="2020-04-23T14:55:53Z">
    <groups>
    </groups>
    <test name="TestNG1" duration-ms="2246" started-at="2020-04-23T14:55:50Z" finished-at="2020-04-23T14:55:53Z">
      <class name="test.controller.TestOwner">
        <test-method status="PASS" signature="leaderboardList()[pri:0, instance:test.controller.TestOwner@26eb3f41]" name="leaderboardList" duration-ms="318" started-at="2020-04-23T14:55:50Z" description="排行榜列表" finished-at="2020-04-23T14:55:51Z">
          <reporter-output>
          </reporter-output>
        </test-method> <!-- leaderboardList -->
        <test-method status="PASS" signature="queryCurrentSeason()[pri:0, instance:test.controller.TestOwner@26eb3f41]" name="queryCurrentSeason" duration-ms="311" started-at="2020-04-23T14:55:51Z" description="查询当前赛季" finished-at="2020-04-23T14:55:51Z">
          <reporter-output>
          </reporter-output>
        </test-method> <!-- queryCurrentSeason -->
        <test-method status="PASS" signature="queryMyRanking()[pri:0, instance:test.controller.TestOwner@26eb3f41]" name="queryMyRanking" duration-ms="332" started-at="2020-04-23T14:55:51Z" description="查询我的排行" finished-at="2020-04-23T14:55:51Z">
          <reporter-output>
          </reporter-output>
        </test-method> <!-- queryMyRanking -->
        <test-method status="PASS" signature="querySeasonNumber()[pri:0, instance:test.controller.TestOwner@26eb3f41]" name="querySeasonNumber" duration-ms="317" started-at="2020-04-23T14:55:51Z" description="查询赛季人数" finished-at="2020-04-23T14:55:52Z">
          <reporter-output>
          </reporter-output>
        </test-method> <!-- querySeasonNumber -->
        <test-method status="PASS" signature="querySeasonSettlementRewards()[pri:0, instance:test.controller.TestOwner@26eb3f41]" name="querySeasonSettlementRewards" duration-ms="321" started-at="2020-04-23T14:55:52Z" description="查询赛季结算奖励" finished-at="2020-04-23T14:55:52Z">
          <reporter-output>
          </reporter-output>
        </test-method> <!-- querySeasonSettlementRewards -->
        <test-method status="PASS" signature="receiveSeasonSettlementAward()[pri:0, instance:test.controller.TestOwner@26eb3f41]" name="receiveSeasonSettlementAward" duration-ms="0" started-at="2020-04-23T14:55:52Z" description="领取赛季结算奖励" finished-at="2020-04-23T14:55:52Z">
          <reporter-output>
          </reporter-output>
        </test-method> <!-- receiveSeasonSettlementAward -->
        <test-method status="PASS" signature="receiveUpgradeAward()[pri:0, instance:test.controller.TestOwner@26eb3f41]" name="receiveUpgradeAward" duration-ms="318" started-at="2020-04-23T14:55:52Z" description="领取升级奖励" finished-at="2020-04-23T14:55:52Z">
          <reporter-output>
          </reporter-output>
        </test-method> <!-- receiveUpgradeAward -->
        <test-method status="PASS" signature="userInformation()[pri:0, instance:test.controller.TestOwner@26eb3f41]" name="userInformation" duration-ms="328" started-at="2020-04-23T14:55:52Z" description="用户信息" finished-at="2020-04-23T14:55:53Z">
          <reporter-output>
          </reporter-output>
        </test-method> <!-- userInformation -->
      </class> <!-- test.controller.TestOwner -->
    </test> <!-- TestNG1 -->
  </suite> <!-- Suite -->
</testng-results>
